  CSVAdopt.cpp
  Cat.cpp
  CatController.cpp
c:\users\sergiup\source\repos\lab5_6pr1\lab5_6pr1\catcontroller.cpp(27): warning C4018: '<': signed/unsigned mismatch
c:\users\sergiup\source\repos\lab5_6pr1\lab5_6pr1\catcontroller.cpp(40): warning C4018: '<': signed/unsigned mismatch
  CatRepository.cpp
c:\users\sergiup\source\repos\lab5_6pr1\lab5_6pr1\catrepository.cpp(20): warning C4018: '>=': signed/unsigned mismatch
c:\users\sergiup\source\repos\lab5_6pr1\lab5_6pr1\catrepository.cpp(28): warning C4018: '>=': signed/unsigned mismatch
  CatValidator.cpp
  DynamicVector.cpp
  FileRepository.cpp
  HTMLAdoptions.cpp
  RepositoryException.cpp
  Tests.cpp
  UI.cpp
c:\users\sergiup\source\repos\lab5_6pr1\lab5_6pr1\ui.cpp(139): warning C4018: '<': signed/unsigned mismatch
c:\users\sergiup\source\repos\lab5_6pr1\lab5_6pr1\ui.cpp(155): warning C4018: '<': signed/unsigned mismatch
c:\users\sergiup\source\repos\lab5_6pr1\lab5_6pr1\ui.cpp(223): warning C4018: '<': signed/unsigned mismatch
c:\users\sergiup\source\repos\lab5_6pr1\lab5_6pr1\ui.cpp(251): warning C4018: '>=': signed/unsigned mismatch
c:\users\sergiup\source\repos\lab5_6pr1\lab5_6pr1\ui.cpp(281): warning C4018: '>=': signed/unsigned mismatch
  Utils.cpp
  main.cpp
  Compiling...
  Generating Code...
  Lab5_6Pr1.vcxproj -> C:\Users\SergiuP\source\repos\Lab5_6Pr1\Debug\Lab5_6Pr1.exe
c:\users\sergiup\source\repos\lab5_6pr1\lab5_6pr1\cat.cpp(11): warning C26439: This kind of function may not throw. Declare it 'noexcept' (f.6).
c:\users\sergiup\source\repos\lab5_6pr1\lab5_6pr1\catrepository.h(13): warning C26439: This kind of function may not throw. Declare it 'noexcept' (f.6).
c:\users\sergiup\source\repos\lab5_6pr1\lab5_6pr1\catvalidator.h(19): warning C26439: This kind of function may not throw. Declare it 'noexcept' (f.6).
c:\users\sergiup\source\repos\lab5_6pr1\lab5_6pr1\catcontroller.h(12): warning C26495: Variable 'CatController::F' is uninitialized. Always initialize a member variable (type.6).
c:\users\sergiup\source\repos\lab5_6pr1\lab5_6pr1\catrepository.cpp(22): warning C26444: Avoid unnamed objects with custom construction and destruction (es.84).
c:\users\sergiup\source\repos\lab5_6pr1\lab5_6pr1\csvadopt.cpp(7): warning C26439: This kind of function may not throw. Declare it 'noexcept' (f.6).
c:\users\sergiup\source\repos\lab5_6pr1\lab5_6pr1\filerepository.cpp(3): warning C26439: This kind of function may not throw. Declare it 'noexcept' (f.6).
c:\users\sergiup\source\repos\lab5_6pr1\lab5_6pr1\htmladoptions.cpp(8): warning C26439: This kind of function may not throw. Declare it 'noexcept' (f.6).
c:\users\sergiup\source\repos\lab5_6pr1\lab5_6pr1\repositoryexception.cpp(12): warning C26439: This kind of function may not throw. Declare it 'noexcept' (f.6).
