c:\users\sergiup\source\repos\lab5_6pr1\lab5_6pr1\debug\vc141.pdb
c:\users\sergiup\source\repos\lab5_6pr1\lab5_6pr1\debug\vc141.idb
c:\users\sergiup\source\repos\lab5_6pr1\lab5_6pr1\debug\dynamicvector.obj
c:\users\sergiup\source\repos\lab5_6pr1\lab5_6pr1\debug\main.obj
c:\users\sergiup\source\repos\lab5_6pr1\lab5_6pr1\debug\ui.obj
c:\users\sergiup\source\repos\lab5_6pr1\lab5_6pr1\debug\catrepository.obj
c:\users\sergiup\source\repos\lab5_6pr1\lab5_6pr1\debug\catcontroller.obj
c:\users\sergiup\source\repos\lab5_6pr1\lab5_6pr1\debug\cat.obj
c:\users\sergiup\source\repos\lab5_6pr1\lab5_6pr1\debug\tests.obj
c:\users\sergiup\source\repos\lab5_6pr1\lab5_6pr1\debug\ui.nativecodeanalysis.xml
c:\users\sergiup\source\repos\lab5_6pr1\lab5_6pr1\debug\tests.nativecodeanalysis.xml
c:\users\sergiup\source\repos\lab5_6pr1\lab5_6pr1\debug\main.nativecodeanalysis.xml
c:\users\sergiup\source\repos\lab5_6pr1\lab5_6pr1\debug\dynamicvector.nativecodeanalysis.xml
c:\users\sergiup\source\repos\lab5_6pr1\lab5_6pr1\debug\catrepository.nativecodeanalysis.xml
c:\users\sergiup\source\repos\lab5_6pr1\lab5_6pr1\debug\catcontroller.nativecodeanalysis.xml
c:\users\sergiup\source\repos\lab5_6pr1\lab5_6pr1\debug\cat.nativecodeanalysis.xml
c:\users\sergiup\source\repos\lab5_6pr1\debug\lab5_6pr1.ilk
c:\users\sergiup\source\repos\lab5_6pr1\debug\lab5_6pr1.exe
c:\users\sergiup\source\repos\lab5_6pr1\debug\lab5_6pr1.pdb
c:\users\sergiup\source\repos\lab5_6pr1\lab5_6pr1\debug\nativecodeanalysis.read.1.tlog
c:\users\sergiup\source\repos\lab5_6pr1\lab5_6pr1\debug\vc.nativecodeanalysis.all.xml
c:\users\sergiup\source\repos\lab5_6pr1\debug\lab5_6pr1.exe.lastcodeanalysissucceeded
c:\users\sergiup\source\repos\lab5_6pr1\lab5_6pr1\debug\lab5_6pr1.tlog\cl.command.1.tlog
c:\users\sergiup\source\repos\lab5_6pr1\lab5_6pr1\debug\lab5_6pr1.tlog\cl.read.1.tlog
c:\users\sergiup\source\repos\lab5_6pr1\lab5_6pr1\debug\lab5_6pr1.tlog\cl.write.1.tlog
c:\users\sergiup\source\repos\lab5_6pr1\lab5_6pr1\debug\lab5_6pr1.tlog\link.command.1.tlog
c:\users\sergiup\source\repos\lab5_6pr1\lab5_6pr1\debug\lab5_6pr1.tlog\link.read.1.tlog
c:\users\sergiup\source\repos\lab5_6pr1\lab5_6pr1\debug\lab5_6pr1.tlog\link.write.1.tlog
